<?xml version="1.0" encoding="UTF-8"?>
<testsuite xmlns:xsi="http://www.w3.org/2001/XMLSchema-instance" xsi:noNamespaceSchemaLocation="https://maven.apache.org/surefire/maven-surefire-plugin/xsd/surefire-test-report.xsd" name="com.luv2code.junitdemo.DemoUtilsTest" time="2.071" tests="9" errors="0" skipped="0" failures="1">
  <properties>
[...]
</properties>
  <testcase name="isGreater" classname="com.luv2code.junitdemo.DemoUtilsTest" time="0.012"/>
  <testcase name="add" classname="com.luv2code.junitdemo.DemoUtilsTest" time="0.02">
    <failure message="2 + 4 should = 6 ==&gt; expected: &lt;6&gt; but was: &lt;10&gt;" type="org.opentest4j.AssertionFailedError"><![CDATA[org.opentest4j.AssertionFailedError: 2 + 4 should = 6 ==> expected: <6> but was: <10>
	at com.luv2code.junitdemo.DemoUtilsTest.add(DemoUtilsTest.java:43)
]]></failure>
    <system-out><![CDATA[Called 'setUp()' before each test
This is the 'add()' test method
Called 'tearDown()' after each tests
]]></system-out>
  </testcase>
  <testcase name="multiply" classname="com.luv2code.junitdemo.DemoUtilsTest" time="0.002"/>
  <testcase name="throwException" classname="com.luv2code.junitdemo.DemoUtilsTest" time="0.003"/>
  <testcase name="checkNull" classname="com.luv2code.junitdemo.DemoUtilsTest" time="0.003"/>
  <testcase name="isSame" classname="com.luv2code.junitdemo.DemoUtilsTest" time="0.001"/>
  <testcase name="testArrayEquals" classname="com.luv2code.junitdemo.DemoUtilsTest" time="0.003"/>
  <testcase name="checkTimeout" classname="com.luv2code.junitdemo.DemoUtilsTest" time="2.008"/>
  <testcase name="testIterableEquals" classname="com.luv2code.junitdemo.DemoUtilsTest" time="0.002"/>
</testsuite>